C51 COMPILER V9.50a   LED_OPERATION                                                        03/28/2022 18:35:54 PAGE 1   


C51 COMPILER V9.50a, COMPILATION OF MODULE LED_OPERATION
OBJECT MODULE PLACED IN led_operation.OBJ
COMPILER INVOKED BY: C:\Keil\C51\BIN\C51.EXE led_operation.c BROWSE DEBUG OBJECTEXTEND TABS(2)

line level    source

   1          #include<reg51.h>
   2          #include"uart_header.h"
   3          sbit led1= P1^0;
   4          sbit led2= P1^1;
   5          
   6          int main()
   7          {
   8   1      led1=1;
   9   1      led2=1;
  10   1      serial_init();
  11   1      display("Enter the value for LED Operation ");
  12   1      new_line();
  13   1      while(1)
  14   1      {
  15   2      if(rx()=='1')
  16   2      {
  17   3      led1=0;
  18   3      display("LED ON");
  19   3      }
  20   2      if(rx()=='2')
  21   2      {
  22   3      led1=1;
  23   3      display("LED OFF");
  24   3      }}
  25   1      }


MODULE INFORMATION:   STATIC OVERLAYABLE
   CODE SIZE        =    180    ----
   CONSTANT SIZE    =     50    ----
   XDATA SIZE       =   ----    ----
   PDATA SIZE       =   ----    ----
   DATA SIZE        =      3       3
   IDATA SIZE       =   ----    ----
   BIT SIZE         =   ----    ----
END OF MODULE INFORMATION.


C51 COMPILATION COMPLETE.  0 WARNING(S),  0 ERROR(S)
