C51 COMPILER V9.50a   BLUETOOTH                                                            03/25/2022 11:15:43 PAGE 1   


C51 COMPILER V9.50a, COMPILATION OF MODULE BLUETOOTH
OBJECT MODULE PLACED IN bluetooth.OBJ
COMPILER INVOKED BY: C:\Keil\C51\BIN\C51.EXE bluetooth.c BROWSE DEBUG OBJECTEXTEND TABS(2)

line level    source

   1          #include<reg51.h>
   2          void delay(int t);
   3          void tx(unsigned char a);
   4          unsigned char rx(void);
   5          void serial_init(void);
   6          
   7          void tx(unsigned char a)
   8          {
   9   1      SBUF=a;
  10   1      while(TI==0);
  11   1      TI=0;
  12   1      }
  13          unsigned char rx(void)
  14          {
  15   1      while(RI==0);
  16   1      return SBUF;
  17   1      RI=0;
  18   1      }
  19          void delay(int t)
  20          {
  21   1      int i;
  22   1      for(i=0;i<=1275*t;i++);
  23   1      }
  24          void serial_init()
  25          {
  26   1      TMOD = 0x20;
  27   1      REN = 1;
  28   1      SCON = 0x50;
  29   1      TH1 = 0xFD;
  30   1      TR1 = 1;
  31   1      }
  32          int main()
  33          {
  34   1      serial_init();
  35   1      while(1)
  36   1      {
  37   2      tx(rx());
  38   2      }}


MODULE INFORMATION:   STATIC OVERLAYABLE
   CODE SIZE        =     76    ----
   CONSTANT SIZE    =   ----    ----
   XDATA SIZE       =   ----    ----
   PDATA SIZE       =   ----    ----
   DATA SIZE        =   ----    ----
   IDATA SIZE       =   ----    ----
   BIT SIZE         =   ----    ----
END OF MODULE INFORMATION.


C51 COMPILATION COMPLETE.  0 WARNING(S),  0 ERROR(S)
