C51 COMPILER V9.50a   LED_SWITCH                                                           03/19/2022 13:48:35 PAGE 1   


C51 COMPILER V9.50a, COMPILATION OF MODULE LED_SWITCH
OBJECT MODULE PLACED IN LED_switch.OBJ
COMPILER INVOKED BY: C:\Keil\C51\BIN\C51.EXE LED_switch.c BROWSE DEBUG OBJECTEXTEND TABS(2)

line level    source

   1          #include<reg51.h>
   2          sbit LED = P1^0;
   3          sbit SWITCH1 = P3^2;
   4          sbit SWITCH2 = P3^3;
   5          void delay(unsigned int a);
   6          
   7          void main()
   8          {
   9   1        //P1=0x00; // P1.0 as output
  10   1        //P3=0xff; //P2 as Input
  11   1        LED=1;
  12   1        while(1)
  13   1        {
  14   2          if (SWITCH1==0)
  15   2          {
  16   3          LED=1;
  17   3        }
  18   2        if (SWITCH2==0)
  19   2        {
  20   3          LED=0;
  21   3      }
  22   2      }
  23   1      }
  24          
  25          void delay(unsigned int a)
  26          {
  27   1        unsigned int b;
  28   1        for(b=0;b<=1234*a;b++);
  29   1      }


MODULE INFORMATION:   STATIC OVERLAYABLE
   CODE SIZE        =     45    ----
   CONSTANT SIZE    =   ----    ----
   XDATA SIZE       =   ----    ----
   PDATA SIZE       =   ----    ----
   DATA SIZE        =   ----    ----
   IDATA SIZE       =   ----    ----
   BIT SIZE         =   ----    ----
END OF MODULE INFORMATION.


C51 COMPILATION COMPLETE.  0 WARNING(S),  0 ERROR(S)
