C51 COMPILER V9.50a   ENTERKEY_INTERRUPT_MSG                                               10/12/2021 22:54:53 PAGE 1   


C51 COMPILER V9.50a, COMPILATION OF MODULE ENTERKEY_INTERRUPT_MSG
OBJECT MODULE PLACED IN Enterkey_interrupt_msg.OBJ
COMPILER INVOKED BY: C:\Program Files (x86)\C51\BIN\C51.EXE Enterkey_interrupt_msg.c BROWSE DEBUG OBJECTEXTEND TABS(2)

line level    source

   1          #include<reg51.h>
   2          void SERIAL_MESSAGE(unsigned char ch);
   3          void delay (unsigned int i);
   4          void SERIAL_INIT(void);
   5          void SERIAL_TRANSMIT(unsigned char a);
   6          unsigned char SERIAL_RECEIVE(void);
   7          unsigned long Enterkey;
   8          unsigned char ch;
   9          void ISR(void) interrupt 4
  10          {
  11   1        while(1)
  12   1        {
  13   2          if (Enterkey == 0x0d)
  14   2          {
  15   3        ch=SERIAL_RECEIVE();
  16   3        SERIAL_TRANSMIT(ch);
  17   3        delay(1);
  18   3        ch++;
  19   3      }}}
  20          
  21          void main()
  22          {
  23   1      SERIAL_INIT();
  24   1      ch='A';
  25   1      EA =  1; // Enable the Interrupt Register
  26   1      ES = 1; // Enable the Serial Interrupt
  27   1      }
  28            /*while(1)
  29          {
  30            if(Enterkey == 0)
  31          {
  32            ch = SERIAL_RECEIVE();
  33            SERIAL_TRANSMIT(ch);
  34          }}}
  35          */
  36            
  37          void SERIAL_INIT(void)
  38          {
  39   1      TMOD = 0x20; // Timer 1 mode 2
  40   1      SCON = 0x50; // mode 1 and ren is enable
  41   1      TH1  = 0xFD; // for 9600 baud rate
  42   1      TR1  = 1;    // turn on the timer
  43   1      }
  44          
  45          void SERIAL_TRANSMIT(unsigned char a)
  46          {
  47   1      SBUF = a;
  48   1      while(TI == 0)
  49   1      TI=0;
  50   1      }
  51          unsigned char SERIAL_RECEIVE(void)
  52          {
  53   1      while(RI == 0)
  54   1      ch = SBUF;
  55   1      RI = 0; 
C51 COMPILER V9.50a   ENTERKEY_INTERRUPT_MSG                                               10/12/2021 22:54:53 PAGE 2   

  56   1      return ch; 
  57   1      }
  58          void delay (unsigned int i)
  59          {
  60   1        unsigned int b;
  61   1        for (b=0;b<=1234*i;b++);
  62   1      }
  63          /*void SERIAL_MESSAGE(unsigned char *ch)
  64          {
  65          while(*ch != '\0')
  66          {
  67            SERIAL_TRANSMIT(ch);
  68            ch++;
  69          }
  70          }*/


MODULE INFORMATION:   STATIC OVERLAYABLE
   CODE SIZE        =    145    ----
   CONSTANT SIZE    =   ----    ----
   XDATA SIZE       =   ----    ----
   PDATA SIZE       =   ----    ----
   DATA SIZE        =      5    ----
   IDATA SIZE       =   ----    ----
   BIT SIZE         =   ----    ----
END OF MODULE INFORMATION.


C51 COMPILATION COMPLETE.  0 WARNING(S),  0 ERROR(S)
