C51 COMPILER V9.50a   TRAFFIC_LIGHT_NODES                                                  04/08/2022 17:50:44 PAGE 1   


C51 COMPILER V9.50a, COMPILATION OF MODULE TRAFFIC_LIGHT_NODES
OBJECT MODULE PLACED IN Traffic_light_nodes.OBJ
COMPILER INVOKED BY: C:\Keil\C51\BIN\C51.EXE Traffic_light_nodes.c BROWSE DEBUG OBJECTEXTEND TABS(2)

line level    source

   1          #include<reg51.h>
   2          sbit led1=P1^0;
   3          sbit led2=P1^1;
   4          sbit led3=P1^2;
   5          void delay(unsigned int t);
   6          void ISR(void) interrupt 0
   7          {
   8   1      led1=0;
   9   1      led2=1;
  10   1      led3=1;
  11   1      delay(5);
  12   1      led1=1;
  13   1      led2=0;
  14   1      led3=1;
  15   1      delay(5);
  16   1      led1=1;
  17   1      led2=1;
  18   1      led3=0;
  19   1      delay(5);
  20   1      }
  21          int main()
  22          {
  23   1      EA=1;
  24   1      EX0=1;
  25   1      while(1)
  26   1      {
  27   2      led1=0;
  28   2      led2=0;
  29   2      led3=0;
  30   2      }
  31   1      }
  32          void delay(unsigned int t)
  33          {
  34   1      int i,j;
  35   1      for(i=0;i<=100*t;i++)
  36   1      {
  37   2      for(j=0;j<=1275;j++);
  38   2      }
  39   1      }


MODULE INFORMATION:   STATIC OVERLAYABLE
   CODE SIZE        =    142    ----
   CONSTANT SIZE    =   ----    ----
   XDATA SIZE       =   ----    ----
   PDATA SIZE       =   ----    ----
   DATA SIZE        =   ----    ----
   IDATA SIZE       =   ----    ----
   BIT SIZE         =   ----    ----
END OF MODULE INFORMATION.


C51 COMPILATION COMPLETE.  0 WARNING(S),  0 ERROR(S)
