C51 COMPILER V9.50a   HARDWARE_INTERRUPT                                                   10/07/2021 12:17:09 PAGE 1   


C51 COMPILER V9.50a, COMPILATION OF MODULE HARDWARE_INTERRUPT
OBJECT MODULE PLACED IN hardware_interrupt.OBJ
COMPILER INVOKED BY: C:\Program Files (x86)\C51\BIN\C51.EXE hardware_interrupt.c BROWSE DEBUG OBJECTEXTEND TABS(2)

line level    source

   1          #include<reg51.h>
   2          sbit LED = P1^0;
   3          void delay(unsigned int a);
   4          void ISR(void) interrupt 0
   5          {
   6   1      LED = ~LED;
   7   1      }
   8          void main()
   9          {
  10   1      EA = 1;  //enable the interrupt register 
  11   1      EX0 = 1; //enable the external interrupt 0
  12   1      while(1)
  13   1      {
  14   2      LED = 0;
  15   2      delay(1000);
  16   2      }
  17   1      }
  18          void delay(unsigned int a)
  19          {
  20   1      unsigned int b;
  21   1      for(b=0;b<=1234*a;b++);
  22   1      }


MODULE INFORMATION:   STATIC OVERLAYABLE
   CODE SIZE        =     49    ----
   CONSTANT SIZE    =   ----    ----
   XDATA SIZE       =   ----    ----
   PDATA SIZE       =   ----    ----
   DATA SIZE        =   ----    ----
   IDATA SIZE       =   ----    ----
   BIT SIZE         =   ----    ----
END OF MODULE INFORMATION.


C51 COMPILATION COMPLETE.  0 WARNING(S),  0 ERROR(S)
