C51 COMPILER V9.50a   SOFTWARE_INTERRUPT_TIMER0                                            10/07/2021 13:38:58 PAGE 1   


C51 COMPILER V9.50a, COMPILATION OF MODULE SOFTWARE_INTERRUPT_TIMER0
OBJECT MODULE PLACED IN .\Software_Interrupt_timer0.obj
COMPILER INVOKED BY: C:\Program Files (x86)\C51\BIN\C51.EXE ..\Software_Interrupt_timer0.c BROWSE DEBUG OBJECTEXTEND TAB
                    -S(2) OBJECT(.\Software_Interrupt_timer0.obj)

line level    source

   1          #include<reg51.h>
   2          sbit LED = P3^4;
   3          void timer_init(unsigned int a);
   4          
   5          void ISR(void) interrupt 1
   6          {
   7   1      LED = ~LED;
   8   1      }
   9          
  10          void main()
  11          {
  12   1      EA = 1;  //enable the interrupt register 
  13   1      ET0 = 1; //enable the timer interrupt 0
  14   1      TR0 = 1;
  15   1      timer_init(1000);
  16   1      }
  17          
  18          void timer_init(unsigned int a)
  19          {
  20   1      int count = 1;
  21   1      while(count <= a)
  22   1      { 
  23   2      TMOD = 0x00;
  24   2      TL0 = 0x33;
  25   2      TH0 = 0x1E;
  26   2      TF0 = 0;
  27   2      TR0 = 1;
  28   2      while(TF0 == 0);
  29   2      TR0 = 0;
  30   2      TF0 = 0;
  31   2      count = count+1; 
  32   2      }}


MODULE INFORMATION:   STATIC OVERLAYABLE
   CODE SIZE        =     55    ----
   CONSTANT SIZE    =   ----    ----
   XDATA SIZE       =   ----    ----
   PDATA SIZE       =   ----    ----
   DATA SIZE        =   ----    ----
   IDATA SIZE       =   ----    ----
   BIT SIZE         =   ----    ----
END OF MODULE INFORMATION.


C51 COMPILATION COMPLETE.  0 WARNING(S),  0 ERROR(S)
