C51 COMPILER V9.50a   RFID_ACCESS                                                          03/26/2022 18:10:53 PAGE 1   


C51 COMPILER V9.50a, COMPILATION OF MODULE RFID_ACCESS
OBJECT MODULE PLACED IN rfid_access.OBJ
COMPILER INVOKED BY: C:\Keil\C51\BIN\C51.EXE rfid_access.c BROWSE DEBUG OBJECTEXTEND TABS(2)

line level    source

   1          #include<reg51.h>
   2          #include"uart_header.h"
   3          #include<string.h>
   4          unsigned int i;
   5          unsigned char stored[12]="3B003B3B86BD";
   6          unsigned char input[12]=0;
   7          int main()
   8          {
   9   1      serial_init();
  10   1        display("Show Your ID !");
  11   1      new_line();
  12   1      while(1)
  13   1      {
  14   2      for(i=0;i<=12;i++)
  15   2        {
  16   3        input[i]=rx();
  17   3        }
  18   2      if(strncmp(stored,input,12)==0)
  19   2      {
  20   3      display("Access Granted !");
  21   3      input[i]=0;
  22   3      }
  23   2      else
  24   2      {
  25   3      display("Access Denied !");
  26   3        input[i]=0;
  27   3      }}
  28   1      }
  29          


MODULE INFORMATION:   STATIC OVERLAYABLE
   CODE SIZE        =    232    ----
   CONSTANT SIZE    =     48    ----
   XDATA SIZE       =   ----    ----
   PDATA SIZE       =   ----    ----
   DATA SIZE        =     26       3
   IDATA SIZE       =   ----    ----
   BIT SIZE         =   ----    ----
END OF MODULE INFORMATION.


C51 COMPILATION COMPLETE.  0 WARNING(S),  0 ERROR(S)
