C51 COMPILER V9.50a   DTMF_LED                                                             04/02/2022 17:10:05 PAGE 1   


C51 COMPILER V9.50a, COMPILATION OF MODULE DTMF_LED
OBJECT MODULE PLACED IN DTMF_LED.OBJ
COMPILER INVOKED BY: C:\Keil\C51\BIN\C51.EXE DTMF_LED.c BROWSE DEBUG OBJECTEXTEND TABS(2)

line level    source

   1          #include<reg51.h>
   2          sbit led=P1^0;
   3          sbit D1=P2^0;
   4          sbit D2=P2^1;
   5          sbit D3=P2^2;
   6          sbit D4=P2^3;
   7          void main()
   8          {
   9   1      led=1;
  10   1      while(1)
  11   1      {
  12   2      if((D4==0)&&(D3==0)&&(D2==0)&&(D1==1))
  13   2      {
  14   3      led=0;
  15   3      }
  16   2      if((D4==0)&&(D3==0)&&(D2==1)&&(D1==0))
  17   2      {
  18   3      led=1;
  19   3      }
  20   2      if((D4==0)&&(D3==0)&&(D2==1)&&(D1==1))
  21   2      {
  22   3      led=0;
  23   3      }
  24   2      if((D4==0)&&(D3==1)&&(D2==0)&&(D1==0))
  25   2      {
  26   3      led=1;
  27   3      }
  28   2      if((D4==0)&&(D3==1)&&(D2==0)&&(D1==1))
  29   2      {
  30   3      led=0;
  31   3      }
  32   2      if((D4==0)&&(D3==1)&&(D2==1)&&(D1==0))
  33   2      {
  34   3      led=1;
  35   3      }
  36   2      if((D4==0)&&(D3==1)&&(D2==1)&&(D1==1))
  37   2      {
  38   3      led=0;
  39   3      }
  40   2      if((D4==1)&&(D3==0)&&(D2==0)&&(D1==0))
  41   2      {
  42   3      led=1;
  43   3      }
  44   2      if((D4==1)&&(D3==0)&&(D2==0)&&(D1==1))
  45   2      {
  46   3      led=0;
  47   3      }
  48   2      if((D4==1)&&(D3==0)&&(D2==1)&&(D1==0))
  49   2      {
  50   3      led=1;
  51   3      }
  52   2      if((D4==1)&&(D3==0)&&(D2==1)&&(D1==1))
  53   2      {
  54   3      led=0;
  55   3      }
C51 COMPILER V9.50a   DTMF_LED                                                             04/02/2022 17:10:05 PAGE 2   

  56   2      if((D4==1)&&(D3==1)&&(D2==0)&&(D1==0))
  57   2      {
  58   3      led=1;
  59   3      }
  60   2      if((D4==1)&&(D3==1)&&(D2==0)&&(D1==1))
  61   2      {
  62   3      led=0;
  63   3      }
  64   2      if((D4==1)&&(D3==1)&&(D2==1)&&(D1==0))
  65   2      {
  66   3      led=1;
  67   3      }
  68   2      if((D4==1)&&(D3==1)&&(D2==1)&&(D1==1))
  69   2      {
  70   3      led=0;
  71   3      }
  72   2      }
  73   1      }


MODULE INFORMATION:   STATIC OVERLAYABLE
   CODE SIZE        =    227    ----
   CONSTANT SIZE    =   ----    ----
   XDATA SIZE       =   ----    ----
   PDATA SIZE       =   ----    ----
   DATA SIZE        =   ----    ----
   IDATA SIZE       =   ----    ----
   BIT SIZE         =   ----    ----
END OF MODULE INFORMATION.


C51 COMPILATION COMPLETE.  0 WARNING(S),  0 ERROR(S)
