C51 COMPILER V9.50a   SENDING_CHAR                                                         03/21/2022 18:46:10 PAGE 1   


C51 COMPILER V9.50a, COMPILATION OF MODULE SENDING_CHAR
OBJECT MODULE PLACED IN Sending_char.OBJ
COMPILER INVOKED BY: C:\Keil\C51\BIN\C51.EXE Sending_char.c BROWSE DEBUG OBJECTEXTEND TABS(2)

line level    source

   1          #include<reg51.h>
   2          void SERIAL_INIT(void);
   3          
   4          void main ()
   5          {
   6   1        SERIAL_INIT(); //Calling Serial Function
   7   1        while(1)
   8   1        {
   9   2          SBUF = 'A'; //Loading Data to be Transmitted in Serial Buffer Register
  10   2          TR1 =1; //Enabling Timer 1 to Start 
  11   2          while (TI == 0); // If Transmitted, TI Flag will be Set
  12   2        }
  13   1      }
  14          
  15          void SERIAL_INIT(void)
  16          {
  17   1        TMOD = 0X20; //Timer1 in mode 2 i.e. 8-bit auto reload mode selected
  18   1        REN = 1; //Enable reciptien
  19   1        SCON = 0X50; //Serial mode 1, 8 bit data Transreciption
  20   1        TH1 = 0XFD; //Loading value in Timer Higher bit for baudrate 9600
  21   1        TR1 = 1; //Enabling Timer
  22   1      }


MODULE INFORMATION:   STATIC OVERLAYABLE
   CODE SIZE        =     27    ----
   CONSTANT SIZE    =   ----    ----
   XDATA SIZE       =   ----    ----
   PDATA SIZE       =   ----    ----
   DATA SIZE        =   ----    ----
   IDATA SIZE       =   ----    ----
   BIT SIZE         =   ----    ----
END OF MODULE INFORMATION.


C51 COMPILATION COMPLETE.  0 WARNING(S),  0 ERROR(S)
