C51 COMPILER V9.50a   LCD_INTERFACING_MSG_DISPLAY                                          12/24/2021 00:17:41 PAGE 1   


C51 COMPILER V9.50a, COMPILATION OF MODULE LCD_INTERFACING_MSG_DISPLAY
OBJECT MODULE PLACED IN lcd_interfacing_msg_display.OBJ
COMPILER INVOKED BY: C:\Keil\C51\BIN\C51.EXE lcd_interfacing_msg_display.c BROWSE DEBUG OBJECTEXTEND TABS(2)

line level    source

   1          #include<reg51.h>
   2          
   3          sbit RS = P3^4;
   4          sbit RW = P3^5;
   5          sbit EN = P3^6;
   6          
   7          void LCD_INIT(void);
   8          void LCD_COMMAND(unsigned int a);
   9          void LCD_DATA(unsigned int b);
  10          void LCD_DELAY(unsigned int a);
  11          void LCD_MESSAGE(unsigned char *ch);
  12          
  13          int main()
  14          {
  15   1      P2 = 0x00;
  16   1      P3 = 0x00;
  17   1       
  18   1      LCD_INIT();
  19   1      LCD_MESSAGE("Embedded Systems");
  20   1      LCD_DELAY(1);
  21   1      while(1);
  22   1      }
  23          
  24          void LCD_INIT(void)
  25          {
  26   1      LCD_COMMAND(0x01); // clear the lcd display
  27   1      LCD_COMMAND(0x06); // move cursor to the left
  28   1      LCD_COMMAND(0x0C); // cursor off lcd on
  29   1      LCD_COMMAND(0x38); // 5x7 matrix
  30   1      LCD_COMMAND(0x80); // take cursor to the beginning
  31   1      }
  32          
  33          void LCD_COMMAND(unsigned int a)
  34          {
  35   1      P2 = a;
  36   1      RS = 0; // command mode
  37   1      RW = 0; // write operation
  38   1      EN = 1; // high pulse
  39   1      LCD_DELAY(1);
  40   1      EN = 0; // low pulse 
  41   1      }
  42          
  43          void LCD_DATA(unsigned int b)
  44          {
  45   1      P2 = b;
  46   1      RS = 1; // data mode
  47   1      RW = 0; // write operation
  48   1      EN = 1; // high pulse
  49   1      LCD_DELAY(1);
  50   1      EN = 0; // low pulse 
  51   1      }
  52          
  53          void LCD_DELAY(unsigned int a)
  54          {
  55   1      unsigned int b;
C51 COMPILER V9.50a   LCD_INTERFACING_MSG_DISPLAY                                          12/24/2021 00:17:41 PAGE 2   

  56   1      for(b=0;b<=1234*a;b++);
  57   1      }
  58          
  59          void LCD_MESSAGE(unsigned char *ch)
  60          {
  61   1      while(*ch != '\0')
  62   1      {
  63   2      LCD_DATA(*ch);
  64   2      ch++;
  65   2      }
  66   1      }


MODULE INFORMATION:   STATIC OVERLAYABLE
   CODE SIZE        =    153    ----
   CONSTANT SIZE    =     17    ----
   XDATA SIZE       =   ----    ----
   PDATA SIZE       =   ----    ----
   DATA SIZE        =   ----       3
   IDATA SIZE       =   ----    ----
   BIT SIZE         =   ----    ----
END OF MODULE INFORMATION.


C51 COMPILATION COMPLETE.  0 WARNING(S),  0 ERROR(S)
