C51 COMPILER V9.50a   TIMER0_MODE1_1SEC                                                    03/21/2022 01:17:16 PAGE 1   


C51 COMPILER V9.50a, COMPILATION OF MODULE TIMER0_MODE1_1SEC
OBJECT MODULE PLACED IN Timer0_mode1_1sec.OBJ
COMPILER INVOKED BY: C:\Keil\C51\BIN\C51.EXE Timer0_mode1_1sec.c BROWSE DEBUG OBJECTEXTEND TABS(2)

line level    source

   1          #include<reg51.h>
   2          sbit LED=P1^0;
   3          void delay();
   4          
   5          int main()
   6          {
   7   1      //P1=0x00;
   8   1        LED=1;
   9   1      while(1)
  10   1      {
  11   2      LED=0;
  12   2      delay();
  13   2      LED=1;
  14   2      delay();
  15   2      }
  16   1      }
  17          void delay()
  18          {
  19   1      TMOD = 0x01; //TIMER MODE 1
  20   1      TH1 = 0x4B;
  21   1      TL1 = 0xFD;
  22   1      TF1 = 0;
  23   1      TR1 = 1;
  24   1      while(TF1==0);
  25   1      TF1 = 0;
  26   1      TR1 = 0;
  27   1      }


MODULE INFORMATION:   STATIC OVERLAYABLE
   CODE SIZE        =     35    ----
   CONSTANT SIZE    =   ----    ----
   XDATA SIZE       =   ----    ----
   PDATA SIZE       =   ----    ----
   DATA SIZE        =   ----    ----
   IDATA SIZE       =   ----    ----
   BIT SIZE         =   ----    ----
END OF MODULE INFORMATION.


C51 COMPILATION COMPLETE.  0 WARNING(S),  0 ERROR(S)
